
2022/03/31 (12:08:58) | ===> btop++ v.1.2.5
2022/03/31 (12:08:58) | ERROR: No tty detected!
btop++ needs an interactive shell to run.

2022/06/10 (20:56:57) | ===> btop++ v.1.2.7
2022/06/10 (20:56:57) | WARNING: Failed to set locale en_US.UTF-8 continuing anyway.

2022/06/10 (20:58:54) | ===> btop++ v.1.2.7
2022/06/10 (20:58:54) | WARNING: Failed to set locale en_US.UTF-8 continuing anyway.
2022/06/10 (20:58:57) | WARNING: Failed to join _runner thread on exit!

2022/06/10 (20:59:01) | ===> btop++ v.1.2.7
2022/06/10 (20:59:01) | WARNING: Failed to set locale en_US.UTF-8 continuing anyway.
2022/06/10 (20:59:04) | WARNING: Failed to join _runner thread on exit!

2022/06/10 (20:59:14) | ===> btop++ v.1.2.7
2022/06/10 (20:59:14) | WARNING: Failed to set locale en_US.UTF-8 continuing anyway.
2022/06/10 (20:59:16) | WARNING: Failed to join _runner thread on exit!

2022/06/10 (22:05:31) | ===> btop++ v.1.2.7
2022/06/10 (22:05:31) | WARNING: Failed to set locale en_US.UTF-8 continuing anyway.
2022/06/10 (22:05:34) | WARNING: Failed to join _runner thread on exit!

2022/06/10 (22:06:09) | ===> btop++ v.1.2.7
2022/06/10 (22:06:09) | WARNING: Failed to set locale en_US.UTF-8 continuing anyway.
2022/06/10 (22:06:11) | WARNING: Failed to join _runner thread on exit!

2022/06/10 (22:11:40) | ===> btop++ v.1.2.7
2022/06/10 (22:11:40) | WARNING: Failed to set locale en_US.UTF-8 continuing anyway.
2022/06/10 (22:11:46) | WARNING: Failed to join _runner thread on exit!

2022/06/10 (23:06:01) | ===> btop++ v.1.2.7
2022/06/10 (23:06:01) | WARNING: Failed to set locale en_US.UTF-8 continuing anyway.

2022/06/10 (23:53:15) | ===> btop++ v.1.2.7
2022/06/10 (23:53:15) | WARNING: Failed to set locale en_US.UTF-8 continuing anyway.

2022/06/12 (13:58:44) | ===> btop++ v.1.2.7
2022/06/12 (13:58:44) | WARNING: Failed to set locale en_US.UTF-8 continuing anyway.

2022/06/12 (13:59:12) | ===> btop++ v.1.2.7
2022/06/12 (13:59:12) | WARNING: Failed to set locale en_US.UTF-8 continuing anyway.

2022/06/12 (13:59:16) | ===> btop++ v.1.2.7
2022/06/12 (13:59:16) | WARNING: Failed to set locale en_US.UTF-8 continuing anyway.

2022/06/12 (15:54:18) | ===> btop++ v.1.2.7
2022/06/12 (15:54:18) | WARNING: Failed to set locale en_US.UTF-8 continuing anyway.

2022/06/12 (19:13:02) | ===> btop++ v.1.2.7
2022/06/12 (19:13:02) | WARNING: Failed to set locale en_US.UTF-8 continuing anyway.
2022/06/12 (19:13:05) | WARNING: Failed to join _runner thread on exit!

2022/06/12 (19:13:09) | ===> btop++ v.1.2.7
2022/06/12 (19:13:09) | WARNING: Failed to set locale en_US.UTF-8 continuing anyway.

2022/06/12 (19:13:11) | ===> btop++ v.1.2.7
2022/06/12 (19:13:11) | WARNING: Failed to set locale en_US.UTF-8 continuing anyway.

2022/06/12 (19:23:38) | ===> btop++ v.1.2.7
2022/06/12 (19:23:38) | WARNING: Failed to set locale en_US.UTF-8 continuing anyway.

2022/06/12 (19:23:41) | ===> btop++ v.1.2.7
2022/06/12 (19:23:41) | WARNING: Failed to set locale en_US.UTF-8 continuing anyway.

2022/06/12 (19:36:02) | ===> btop++ v.1.2.7
2022/06/12 (19:36:02) | WARNING: Failed to set locale en_US.UTF-8 continuing anyway.

2022/06/12 (19:37:50) | ===> btop++ v.1.2.7
2022/06/12 (19:37:50) | WARNING: Failed to set locale en_US.UTF-8 continuing anyway.
2022/06/12 (19:37:52) | WARNING: Failed to join _runner thread on exit!

2022/06/13 (17:28:35) | ===> btop++ v.1.2.7
2022/06/13 (17:28:35) | WARNING: Failed to set locale en_US.UTF-8 continuing anyway.

2022/06/13 (18:15:48) | ===> btop++ v.1.2.7
2022/06/13 (18:15:48) | WARNING: Failed to set locale en_US.UTF-8 continuing anyway.
2022/06/13 (18:15:50) | WARNING: Failed to join _runner thread on exit!

2022/06/14 (12:33:31) | ===> btop++ v.1.2.7
2022/06/14 (12:33:31) | WARNING: Failed to join _runner thread on exit!

2022/06/14 (12:36:23) | ===> btop++ v.1.2.7
2022/06/14 (12:36:23) | WARNING: Failed to join _runner thread on exit!

2022/06/14 (16:39:58) | ===> btop++ v.1.2.7
2022/06/14 (16:39:58) | WARNING: Failed to join _runner thread on exit!

2022/06/14 (16:40:05) | ===> btop++ v.1.2.7
2022/06/14 (16:40:05) | WARNING: Failed to join _runner thread on exit!

2022/06/14 (18:06:52) | ===> btop++ v.1.2.7
2022/06/14 (18:06:52) | WARNING: Failed to join _runner thread on exit!

2022/06/14 (18:08:09) | ===> btop++ v.1.2.7
2022/06/14 (18:08:09) | WARNING: Failed to join _runner thread on exit!

2022/06/15 (14:22:00) | ===> btop++ v.1.2.7
2022/06/15 (14:22:00) | WARNING: Failed to join _runner thread on exit!

2022/06/15 (14:25:01) | ===> btop++ v.1.2.7
2022/06/15 (14:25:01) | WARNING: Failed to join _runner thread on exit!

2022/06/15 (15:31:02) | ===> btop++ v.1.2.7
2022/06/15 (15:31:02) | WARNING: Failed to join _runner thread on exit!

2022/06/15 (15:31:07) | ===> btop++ v.1.2.7
2022/06/15 (15:31:07) | WARNING: Failed to join _runner thread on exit!

2022/06/15 (15:33:49) | ===> btop++ v.1.2.7
2022/06/15 (15:33:49) | WARNING: Failed to join _runner thread on exit!

2022/06/15 (15:34:40) | ===> btop++ v.1.2.7
2022/06/15 (15:34:40) | WARNING: Failed to join _runner thread on exit!

2022/06/15 (15:39:23) | ===> btop++ v.1.2.7
2022/06/15 (15:39:23) | WARNING: Failed to join _runner thread on exit!

2022/06/15 (15:53:36) | ===> btop++ v.1.2.7
2022/06/15 (15:53:36) | WARNING: Failed to join _runner thread on exit!

2022/06/15 (20:37:23) | ===> btop++ v.1.2.7
2022/06/15 (20:37:23) | WARNING: Failed to join _runner thread on exit!

2022/06/15 (20:43:44) | ===> btop++ v.1.2.7
2022/06/15 (20:43:44) | WARNING: Failed to join _runner thread on exit!

2022/06/15 (21:10:26) | ===> btop++ v.1.2.7
2022/06/15 (21:10:26) | WARNING: Failed to join _runner thread on exit!

2022/06/15 (21:12:10) | ===> btop++ v.1.2.7
2022/06/15 (21:12:10) | WARNING: Failed to join _runner thread on exit!

2022/06/16 (06:29:38) | ===> btop++ v.1.2.7
2022/06/16 (06:29:38) | WARNING: Failed to join _runner thread on exit!

2022/06/16 (08:53:19) | ===> btop++ v.1.2.7
2022/06/16 (08:53:19) | WARNING: Failed to join _runner thread on exit!

2022/06/16 (13:01:13) | ===> btop++ v.1.2.7
2022/06/16 (13:01:13) | WARNING: Failed to join _runner thread on exit!

2022/06/16 (13:01:26) | ===> btop++ v.1.2.7
2022/06/16 (13:01:26) | WARNING: Failed to join _runner thread on exit!

2022/06/16 (14:44:04) | ===> btop++ v.1.2.7
2022/06/16 (14:44:04) | WARNING: Failed to join _runner thread on exit!

2022/06/16 (21:52:26) | ===> btop++ v.1.2.7
2022/06/16 (21:52:26) | WARNING: Failed to join _runner thread on exit!

2022/06/16 (21:55:57) | ===> btop++ v.1.2.7
2022/06/16 (21:55:57) | WARNING: Failed to join _runner thread on exit!

2022/06/17 (16:08:38) | ===> btop++ v.1.2.7
2022/06/17 (16:08:38) | WARNING: Failed to join _runner thread on exit!

2022/06/17 (16:10:10) | ===> btop++ v.1.2.7
2022/06/17 (16:10:10) | WARNING: Failed to join _runner thread on exit!

2022/06/17 (22:48:28) | ===> btop++ v.1.2.7
2022/06/17 (22:48:28) | WARNING: No UTF-8 locale detected! Forcing start with --utf-force argument.

2022/06/17 (22:48:35) | ===> btop++ v.1.2.7
2022/06/17 (22:48:35) | WARNING: No UTF-8 locale detected! Forcing start with --utf-force argument.

2022/06/22 (07:21:26) | ===> btop++ v.1.2.7
2022/06/22 (07:21:26) | WARNING: Failed to join _runner thread on exit!

2022/06/22 (16:03:54) | ===> btop++ v.1.2.7
2022/06/22 (16:03:54) | WARNING: Failed to join _runner thread on exit!

2022/06/22 (19:56:18) | ===> btop++ v.1.2.7
2022/06/22 (19:56:18) | WARNING: Failed to join _runner thread on exit!

2022/06/24 (03:24:38) | ===> btop++ v.1.2.7
2022/06/24 (03:24:38) | WARNING: Failed to join _runner thread on exit!

2022/06/26 (08:49:44) | ===> btop++ v.1.2.7
2022/06/26 (08:49:44) | WARNING: Failed to join _runner thread on exit!

2022/06/26 (08:49:48) | ===> btop++ v.1.2.7
2022/06/26 (08:49:48) | WARNING: Failed to join _runner thread on exit!

2022/06/26 (15:19:10) | ===> btop++ v.1.2.7
2022/06/26 (15:19:10) | WARNING: Failed to join _runner thread on exit!

2022/06/26 (16:44:10) | ===> btop++ v.1.2.7
2022/06/26 (16:44:10) | WARNING: Failed to join _runner thread on exit!

2022/06/26 (16:47:47) | ===> btop++ v.1.2.7
2022/06/26 (16:47:47) | WARNING: Failed to join _runner thread on exit!

2022/06/26 (16:54:10) | ===> btop++ v.1.2.7
2022/06/26 (16:54:10) | WARNING: Failed to join _runner thread on exit!

2022/06/26 (17:05:39) | ===> btop++ v.1.2.7
2022/06/26 (17:05:39) | WARNING: Failed to join _runner thread on exit!

2022/06/26 (17:11:27) | ===> btop++ v.1.2.7
2022/06/26 (17:11:27) | WARNING: Failed to join _runner thread on exit!

2022/06/27 (10:50:17) | ===> btop++ v.1.2.7
2022/06/27 (10:50:17) | WARNING: Failed to join _runner thread on exit!

2022/06/27 (10:56:51) | ===> btop++ v.1.2.7
2022/06/27 (10:56:51) | WARNING: Failed to join _runner thread on exit!

2022/07/06 (17:30:04) | ===> btop++ v.1.2.8
2022/07/06 (17:30:04) | WARNING: Failed to set locale en_US.UTF-8 continuing anyway.

2022/07/06 (17:31:05) | ===> btop++ v.1.2.8
2022/07/06 (17:31:05) | WARNING: Failed to set locale en_US.UTF-8 continuing anyway.

2022/07/06 (17:39:06) | ===> btop++ v.1.2.8
2022/07/06 (17:39:06) | WARNING: Failed to set locale en_US.UTF-8 continuing anyway.
2022/07/06 (17:39:08) | WARNING: Failed to join _runner thread on exit!

2022/07/06 (17:39:17) | ===> btop++ v.1.2.8
2022/07/06 (17:39:17) | WARNING: Failed to set locale en_US.UTF-8 continuing anyway.

2022/07/06 (17:50:38) | ===> btop++ v.1.2.8
2022/07/06 (17:50:38) | WARNING: Failed to set locale en_US.UTF-8 continuing anyway.
2022/07/06 (17:50:40) | WARNING: Failed to join _runner thread on exit!

2022/07/06 (17:51:11) | ===> btop++ v.1.2.8
2022/07/06 (17:51:11) | WARNING: Failed to set locale en_US.UTF-8 continuing anyway.

2022/07/06 (17:51:17) | ===> btop++ v.1.2.8
2022/07/06 (17:51:17) | WARNING: Failed to set locale en_US.UTF-8 continuing anyway.
2022/07/06 (17:51:18) | WARNING: Failed to join _runner thread on exit!

2022/07/06 (17:53:21) | ===> btop++ v.1.2.8
2022/07/06 (17:53:21) | WARNING: Failed to set locale en_US.UTF-8 continuing anyway.

2022/07/06 (17:53:44) | ===> btop++ v.1.2.8
2022/07/06 (17:53:44) | WARNING: Failed to set locale en_US.UTF-8 continuing anyway.

2022/07/06 (17:54:10) | ===> btop++ v.1.2.8
2022/07/06 (17:54:10) | WARNING: Failed to set locale en_US.UTF-8 continuing anyway.

2022/07/06 (17:54:31) | ===> btop++ v.1.2.8
2022/07/06 (17:54:31) | WARNING: Failed to set locale en_US.UTF-8 continuing anyway.
2022/07/06 (17:54:33) | WARNING: Failed to join _runner thread on exit!

2022/07/06 (17:54:40) | ===> btop++ v.1.2.8
2022/07/06 (17:54:40) | WARNING: Failed to set locale en_US.UTF-8 continuing anyway.

2022/07/06 (18:02:26) | ===> btop++ v.1.2.8
2022/07/06 (18:02:26) | WARNING: Failed to set locale en_US.UTF-8 continuing anyway.

2022/07/06 (18:04:56) | ===> btop++ v.1.2.8
2022/07/06 (18:04:56) | WARNING: Failed to set locale en_US.UTF-8 continuing anyway.

2022/07/06 (18:10:24) | ===> btop++ v.1.2.8
2022/07/06 (18:10:24) | WARNING: Failed to set locale en_US.UTF-8 continuing anyway.

2022/07/06 (20:00:43) | ===> btop++ v.1.2.8
2022/07/06 (20:00:43) | WARNING: Failed to set locale en_US.UTF-8 continuing anyway.
2022/07/06 (21:02:17) | WARNING: Failed to join _runner thread on exit!

2022/07/07 (19:26:44) | ===> btop++ v.1.2.8
2022/07/07 (19:26:44) | WARNING: Failed to set locale en_US.UTF-8 continuing anyway.
2022/07/07 (19:26:56) | WARNING: Failed to join _runner thread on exit!

2022/07/07 (19:28:44) | ===> btop++ v.1.2.8
2022/07/07 (19:28:44) | WARNING: Failed to set locale en_US.UTF-8 continuing anyway.

2022/07/09 (17:27:28) | ===> btop++ v.1.2.8
2022/07/09 (17:27:28) | WARNING: Failed to join _runner thread on exit!

2022/07/10 (03:13:16) | ===> btop++ v.1.2.8
2022/07/10 (03:13:16) | WARNING: Failed to join _runner thread on exit!

2022/07/10 (17:49:04) | ===> btop++ v.1.2.8
2022/07/10 (17:49:04) | WARNING: Failed to join _runner thread on exit!

2022/07/11 (13:40:17) | ===> btop++ v.1.2.8
2022/07/11 (13:40:17) | WARNING: Failed to join _runner thread on exit!

2022/07/11 (14:35:50) | ===> btop++ v.1.2.8
2022/07/11 (14:35:50) | WARNING: Failed to join _runner thread on exit!

2022/07/11 (16:40:44) | ===> btop++ v.1.2.8
2022/07/11 (16:40:44) | WARNING: Failed to join _runner thread on exit!

2022/07/11 (16:41:20) | ===> btop++ v.1.2.8
2022/07/11 (16:41:20) | WARNING: Failed to join _runner thread on exit!

2022/07/12 (13:24:33) | ===> btop++ v.1.2.8
2022/07/12 (13:24:33) | WARNING: Failed to join _runner thread on exit!

2022/07/12 (14:59:58) | ===> btop++ v.1.2.8
2022/07/12 (14:59:58) | WARNING: Failed to join _runner thread on exit!

2022/07/12 (20:46:11) | ===> btop++ v.1.2.8
2022/07/12 (20:46:11) | WARNING: Failed to join _runner thread on exit!

2022/07/14 (05:34:38) | ===> btop++ v.1.2.8
2022/07/14 (05:34:38) | WARNING: Failed to join _runner thread on exit!

2022/07/16 (17:39:55) | ===> btop++ v.1.2.8
2022/07/16 (17:39:55) | WARNING: Failed to join _runner thread on exit!

2022/07/18 (14:26:39) | ===> btop++ v.1.2.8
2022/07/18 (14:26:39) | WARNING: Failed to join _runner thread on exit!

2022/07/31 (17:35:17) | ===> btop++ v.1.2.8
2022/07/31 (17:35:17) | WARNING: Failed to join _runner thread on exit!

2022/08/05 (14:10:30) | ===> btop++ v.1.2.8
2022/08/05 (14:10:30) | WARNING: Failed to join _runner thread on exit!

2022/08/05 (14:10:38) | ===> btop++ v.1.2.8
2022/08/05 (14:10:38) | WARNING: Failed to join _runner thread on exit!

2022/08/07 (20:35:49) | ===> btop++ v.1.2.8
2022/08/07 (20:35:49) | WARNING: Failed to join _runner thread on exit!

2022/08/12 (19:23:51) | ===> btop++ v.1.2.8
2022/08/12 (19:23:51) | WARNING: Failed to join _runner thread on exit!

2022/08/13 (15:32:42) | ===> btop++ v.1.2.8
2022/08/13 (15:32:42) | WARNING: Failed to join _runner thread on exit!

2022/08/13 (15:32:46) | ===> btop++ v.1.2.8
2022/08/13 (15:32:46) | WARNING: Failed to join _runner thread on exit!

2022/08/14 (08:43:37) | ===> btop++ v.1.2.8
2022/08/14 (08:43:37) | WARNING: Failed to join _runner thread on exit!

2022/08/16 (13:01:29) | ===> btop++ v.1.2.8
2022/08/16 (13:01:29) | WARNING: Failed to join _runner thread on exit!

2022/08/16 (17:51:37) | ===> btop++ v.1.2.8
2022/08/16 (17:51:37) | WARNING: Failed to join _runner thread on exit!

2022/08/17 (19:00:50) | ===> btop++ v.1.2.8
2022/08/17 (19:00:50) | WARNING: Failed to join _runner thread on exit!

2022/08/17 (19:00:54) | ===> btop++ v.1.2.8
2022/08/17 (19:00:54) | WARNING: Failed to join _runner thread on exit!

2022/08/22 (15:50:21) | ===> btop++ v.1.2.8
2022/08/22 (15:50:21) | WARNING: Failed to join _runner thread on exit!

2022/08/24 (16:20:02) | ===> btop++ v.1.2.8
2022/08/24 (16:20:02) | WARNING: Failed to join _runner thread on exit!

2022/08/24 (19:15:56) | ===> btop++ v.1.2.8
2022/08/24 (19:15:56) | WARNING: Failed to join _runner thread on exit!

2022/08/25 (13:47:34) | ===> btop++ v.1.2.8
2022/08/25 (13:47:34) | WARNING: Failed to join _runner thread on exit!

2022/08/27 (20:07:50) | ===> btop++ v.1.2.8
2022/08/27 (20:07:50) | WARNING: Failed to join _runner thread on exit!

2022/08/29 (14:50:18) | ===> btop++ v.1.2.8
2022/08/29 (14:50:18) | WARNING: Failed to join _runner thread on exit!

2022/08/29 (14:53:12) | ===> btop++ v.1.2.8
2022/08/29 (14:53:12) | WARNING: Failed to join _runner thread on exit!

2022/08/29 (15:07:25) | ===> btop++ v.1.2.8
2022/08/29 (15:07:25) | WARNING: Failed to join _runner thread on exit!

2022/08/29 (15:08:07) | ===> btop++ v.1.2.8
2022/08/29 (15:08:07) | WARNING: Failed to join _runner thread on exit!

2022/08/29 (15:10:13) | ===> btop++ v.1.2.8
2022/08/29 (15:10:13) | WARNING: Failed to join _runner thread on exit!

2022/08/29 (15:12:31) | ===> btop++ v.1.2.8
2022/08/29 (15:12:31) | WARNING: Failed to join _runner thread on exit!

2022/08/29 (15:32:09) | ===> btop++ v.1.2.8
2022/08/29 (15:32:09) | WARNING: Failed to join _runner thread on exit!

2022/08/29 (15:32:13) | ===> btop++ v.1.2.8
2022/08/29 (15:32:13) | WARNING: Failed to join _runner thread on exit!

2022/08/29 (16:24:08) | ===> btop++ v.1.2.8
2022/08/29 (16:24:08) | WARNING: Failed to join _runner thread on exit!

2022/08/29 (16:24:22) | ===> btop++ v.1.2.8
2022/08/29 (16:24:22) | WARNING: Failed to join _runner thread on exit!

2022/09/02 (11:02:44) | ===> btop++ v.1.2.9
2022/09/02 (11:02:44) | WARNING: Failed to join _runner thread on exit!
